  Robot.cpp
C:\Users\jenel\OneDrive\Desktop\Robot\Robot\Robot.cpp(21,42): warning C4305: 'initializing': truncation from 'double' to 'float'
C:\Users\jenel\OneDrive\Desktop\Robot\Robot\Robot.cpp(41,4): warning C4305: 'initializing': truncation from 'double' to 'float'
C:\Users\jenel\OneDrive\Desktop\Robot\Robot\Robot.cpp(41,9): warning C4305: 'initializing': truncation from 'double' to 'float'
C:\Users\jenel\OneDrive\Desktop\Robot\Robot\Robot.cpp(41,14): warning C4305: 'initializing': truncation from 'double' to 'float'
C:\Users\jenel\OneDrive\Desktop\Robot\Robot\Robot.cpp(42,4): warning C4305: 'initializing': truncation from 'double' to 'float'
C:\Users\jenel\OneDrive\Desktop\Robot\Robot\Robot.cpp(42,9): warning C4305: 'initializing': truncation from 'double' to 'float'
C:\Users\jenel\OneDrive\Desktop\Robot\Robot\Robot.cpp(42,14): warning C4305: 'initializing': truncation from 'double' to 'float'
C:\Users\jenel\OneDrive\Desktop\Robot\Robot\Robot.cpp(47,4): warning C4305: 'initializing': truncation from 'double' to 'float'
C:\Users\jenel\OneDrive\Desktop\Robot\Robot\Robot.cpp(47,9): warning C4305: 'initializing': truncation from 'double' to 'float'
C:\Users\jenel\OneDrive\Desktop\Robot\Robot\Robot.cpp(47,14): warning C4305: 'initializing': truncation from 'double' to 'float'
C:\Users\jenel\OneDrive\Desktop\Robot\Robot\Robot.cpp(48,4): warning C4305: 'initializing': truncation from 'double' to 'float'
C:\Users\jenel\OneDrive\Desktop\Robot\Robot\Robot.cpp(48,9): warning C4305: 'initializing': truncation from 'double' to 'float'
C:\Users\jenel\OneDrive\Desktop\Robot\Robot\Robot.cpp(48,14): warning C4305: 'initializing': truncation from 'double' to 'float'
C:\Users\jenel\OneDrive\Desktop\Robot\Robot\Robot.cpp(49,4): warning C4305: 'initializing': truncation from 'double' to 'float'
C:\Users\jenel\OneDrive\Desktop\Robot\Robot\Robot.cpp(53,4): warning C4305: 'initializing': truncation from 'double' to 'float'
C:\Users\jenel\OneDrive\Desktop\Robot\Robot\Robot.cpp(53,9): warning C4305: 'initializing': truncation from 'double' to 'float'
C:\Users\jenel\OneDrive\Desktop\Robot\Robot\Robot.cpp(53,14): warning C4305: 'initializing': truncation from 'double' to 'float'
C:\Users\jenel\OneDrive\Desktop\Robot\Robot\Robot.cpp(54,4): warning C4305: 'initializing': truncation from 'double' to 'float'
C:\Users\jenel\OneDrive\Desktop\Robot\Robot\Robot.cpp(54,9): warning C4305: 'initializing': truncation from 'double' to 'float'
C:\Users\jenel\OneDrive\Desktop\Robot\Robot\Robot.cpp(54,14): warning C4305: 'initializing': truncation from 'double' to 'float'
C:\Users\jenel\OneDrive\Desktop\Robot\Robot\Robot.cpp(55,10): warning C4305: 'initializing': truncation from 'double' to 'float'
C:\Users\jenel\OneDrive\Desktop\Robot\Robot\Robot.cpp(59,4): warning C4305: 'initializing': truncation from 'double' to 'float'
C:\Users\jenel\OneDrive\Desktop\Robot\Robot\Robot.cpp(59,9): warning C4305: 'initializing': truncation from 'double' to 'float'
C:\Users\jenel\OneDrive\Desktop\Robot\Robot\Robot.cpp(59,14): warning C4305: 'initializing': truncation from 'double' to 'float'
C:\Users\jenel\OneDrive\Desktop\Robot\Robot\Robot.cpp(60,4): warning C4305: 'initializing': truncation from 'double' to 'float'
C:\Users\jenel\OneDrive\Desktop\Robot\Robot\Robot.cpp(60,9): warning C4305: 'initializing': truncation from 'double' to 'float'
C:\Users\jenel\OneDrive\Desktop\Robot\Robot\Robot.cpp(60,14): warning C4305: 'initializing': truncation from 'double' to 'float'
C:\Users\jenel\OneDrive\Desktop\Robot\Robot\Robot.cpp(61,16): warning C4305: 'initializing': truncation from 'double' to 'float'
C:\Users\jenel\OneDrive\Desktop\Robot\Robot\Robot.cpp(336,26): warning C4244: '-=': conversion from 'double' to 'float', possible loss of data
C:\Users\jenel\OneDrive\Desktop\Robot\Robot\Robot.cpp(345,26): warning C4244: '+=': conversion from 'double' to 'float', possible loss of data
C:\Users\jenel\OneDrive\Desktop\Robot\Robot\Robot.cpp(527,18): warning C4244: 'argument': conversion from 'double' to 'GLfloat', possible loss of data
C:\Users\jenel\OneDrive\Desktop\Robot\Robot\Robot.cpp(527,15): warning C4244: 'argument': conversion from 'double' to 'GLfloat', possible loss of data
C:\Users\jenel\OneDrive\Desktop\Robot\Robot\Robot.cpp(527,12): warning C4244: 'argument': conversion from 'double' to 'GLfloat', possible loss of data
C:\Users\jenel\OneDrive\Desktop\Robot\Robot\Robot.cpp(564,18): warning C4244: 'argument': conversion from 'double' to 'GLfloat', possible loss of data
C:\Users\jenel\OneDrive\Desktop\Robot\Robot\Robot.cpp(564,15): warning C4244: 'argument': conversion from 'double' to 'GLfloat', possible loss of data
C:\Users\jenel\OneDrive\Desktop\Robot\Robot\Robot.cpp(564,12): warning C4244: 'argument': conversion from 'double' to 'GLfloat', possible loss of data
C:\Users\jenel\OneDrive\Desktop\Robot\Robot\Robot.cpp(673,18): warning C4244: 'argument': conversion from 'double' to 'GLfloat', possible loss of data
C:\Users\jenel\OneDrive\Desktop\Robot\Robot\Robot.cpp(673,15): warning C4244: 'argument': conversion from 'double' to 'GLfloat', possible loss of data
C:\Users\jenel\OneDrive\Desktop\Robot\Robot\Robot.cpp(673,12): warning C4244: 'argument': conversion from 'double' to 'GLfloat', possible loss of data
C:\Users\jenel\OneDrive\Desktop\Robot\Robot\Robot.cpp(683,18): warning C4244: 'argument': conversion from 'double' to 'GLfloat', possible loss of data
C:\Users\jenel\OneDrive\Desktop\Robot\Robot\Robot.cpp(683,15): warning C4244: 'argument': conversion from 'double' to 'GLfloat', possible loss of data
C:\Users\jenel\OneDrive\Desktop\Robot\Robot\Robot.cpp(683,12): warning C4244: 'argument': conversion from 'double' to 'GLfloat', possible loss of data
C:\Users\jenel\OneDrive\Desktop\Robot\Robot\Robot.cpp(696,24): warning C4305: 'argument': truncation from 'double' to 'GLfloat'
C:\Users\jenel\OneDrive\Desktop\Robot\Robot\Robot.cpp(696,18): warning C4305: 'argument': truncation from 'double' to 'GLfloat'
C:\Users\jenel\OneDrive\Desktop\Robot\Robot\Robot.cpp(696,12): warning C4305: 'argument': truncation from 'double' to 'GLfloat'
C:\Users\jenel\OneDrive\Desktop\Robot\Robot\Robot.cpp(822,18): warning C4244: 'argument': conversion from 'double' to 'GLfloat', possible loss of data
C:\Users\jenel\OneDrive\Desktop\Robot\Robot\Robot.cpp(822,15): warning C4244: 'argument': conversion from 'double' to 'GLfloat', possible loss of data
C:\Users\jenel\OneDrive\Desktop\Robot\Robot\Robot.cpp(822,12): warning C4244: 'argument': conversion from 'double' to 'GLfloat', possible loss of data
C:\Users\jenel\OneDrive\Desktop\Robot\Robot\Robot.cpp(847,18): warning C4244: 'argument': conversion from 'double' to 'GLfloat', possible loss of data
C:\Users\jenel\OneDrive\Desktop\Robot\Robot\Robot.cpp(847,15): warning C4244: 'argument': conversion from 'double' to 'GLfloat', possible loss of data
C:\Users\jenel\OneDrive\Desktop\Robot\Robot\Robot.cpp(847,12): warning C4244: 'argument': conversion from 'double' to 'GLfloat', possible loss of data
C:\Users\jenel\OneDrive\Desktop\Robot\Robot\Robot.cpp(860,18): warning C4244: 'argument': conversion from 'double' to 'GLfloat', possible loss of data
C:\Users\jenel\OneDrive\Desktop\Robot\Robot\Robot.cpp(860,15): warning C4244: 'argument': conversion from 'double' to 'GLfloat', possible loss of data
C:\Users\jenel\OneDrive\Desktop\Robot\Robot\Robot.cpp(860,12): warning C4244: 'argument': conversion from 'double' to 'GLfloat', possible loss of data
C:\Users\jenel\OneDrive\Desktop\Robot\Robot\Robot.cpp(926,23): warning C4305: 'argument': truncation from 'double' to 'GLfloat'
C:\Users\jenel\OneDrive\Desktop\Robot\Robot\Robot.cpp(926,16): warning C4305: 'argument': truncation from 'double' to 'GLfloat'
C:\Users\jenel\OneDrive\Desktop\Robot\Robot\Robot.cpp(928,14): warning C4305: 'argument': truncation from 'double' to 'float'
C:\Users\jenel\OneDrive\Desktop\Robot\Robot\Robot.cpp(932,22): warning C4305: 'argument': truncation from 'double' to 'GLfloat'
C:\Users\jenel\OneDrive\Desktop\Robot\Robot\Robot.cpp(932,15): warning C4305: 'argument': truncation from 'double' to 'GLfloat'
C:\Users\jenel\OneDrive\Desktop\Robot\Robot\Robot.cpp(934,15): warning C4305: 'argument': truncation from 'double' to 'float'
C:\Users\jenel\OneDrive\Desktop\Robot\Robot\Robot.cpp(939,21): warning C4305: 'argument': truncation from 'double' to 'GLfloat'
C:\Users\jenel\OneDrive\Desktop\Robot\Robot\Robot.cpp(939,15): warning C4305: 'argument': truncation from 'double' to 'GLfloat'
C:\Users\jenel\OneDrive\Desktop\Robot\Robot\Robot.cpp(943,21): warning C4305: 'argument': truncation from 'double' to 'GLfloat'
C:\Users\jenel\OneDrive\Desktop\Robot\Robot\Robot.cpp(949,22): warning C4305: 'argument': truncation from 'double' to 'GLfloat'
C:\Users\jenel\OneDrive\Desktop\Robot\Robot\Robot.cpp(949,16): warning C4305: 'argument': truncation from 'double' to 'GLfloat'
C:\Users\jenel\OneDrive\Desktop\Robot\Robot\Robot.cpp(953,21): warning C4305: 'argument': truncation from 'double' to 'GLfloat'
C:\Users\jenel\OneDrive\Desktop\Robot\Robot\Robot.cpp(958,22): warning C4305: 'argument': truncation from 'double' to 'GLfloat'
C:\Users\jenel\OneDrive\Desktop\Robot\Robot\Robot.cpp(962,18): warning C4305: 'argument': truncation from 'double' to 'GLfloat'
C:\Users\jenel\OneDrive\Desktop\Robot\Robot\Robot.cpp(967,18): warning C4305: 'argument': truncation from 'double' to 'GLfloat'
C:\Users\jenel\OneDrive\Desktop\Robot\Robot\Robot.cpp(971,23): warning C4305: 'argument': truncation from 'double' to 'GLfloat'
C:\Users\jenel\OneDrive\Desktop\Robot\Robot\Robot.cpp(971,16): warning C4305: 'argument': truncation from 'double' to 'GLfloat'
C:\Users\jenel\OneDrive\Desktop\Robot\Robot\Robot.cpp(972,23): warning C4305: 'argument': truncation from 'double' to 'GLfloat'
C:\Users\jenel\OneDrive\Desktop\Robot\Robot\Robot.cpp(972,13): warning C4305: 'argument': truncation from 'double' to 'GLfloat'
C:\Users\jenel\OneDrive\Desktop\Robot\Robot\Robot.cpp(973,24): warning C4305: 'argument': truncation from 'double' to 'GLfloat'
C:\Users\jenel\OneDrive\Desktop\Robot\Robot\Robot.cpp(973,17): warning C4305: 'argument': truncation from 'double' to 'GLfloat'
C:\Users\jenel\OneDrive\Desktop\Robot\Robot\Robot.cpp(974,24): warning C4305: 'argument': truncation from 'double' to 'GLfloat'
C:\Users\jenel\OneDrive\Desktop\Robot\Robot\Robot.cpp(974,14): warning C4305: 'argument': truncation from 'double' to 'GLfloat'
C:\Users\jenel\OneDrive\Desktop\Robot\Robot\Robot.cpp(981,26): warning C4305: 'argument': truncation from 'double' to 'GLfloat'
C:\Users\jenel\OneDrive\Desktop\Robot\Robot\Robot.cpp(981,18): warning C4305: 'argument': truncation from 'double' to 'GLfloat'
C:\Users\jenel\OneDrive\Desktop\Robot\Robot\Robot.cpp(996,18): warning C4305: 'argument': truncation from 'double' to 'GLfloat'
C:\Users\jenel\OneDrive\Desktop\Robot\Robot\Robot.cpp(998,19): warning C4305: 'argument': truncation from 'double' to 'GLfloat'
C:\Users\jenel\OneDrive\Desktop\Robot\Robot\Robot.cpp(1000,18): warning C4305: 'argument': truncation from 'double' to 'GLfloat'
C:\Users\jenel\OneDrive\Desktop\Robot\Robot\Robot.cpp(1002,57): warning C4305: 'argument': truncation from 'double' to 'float'
C:\Users\jenel\OneDrive\Desktop\Robot\Robot\Robot.cpp(1007,32): warning C4305: 'argument': truncation from 'double' to 'float'
C:\Users\jenel\OneDrive\Desktop\Robot\Robot\Robot.cpp(1007,26): warning C4305: 'argument': truncation from 'double' to 'float'
C:\Users\jenel\OneDrive\Desktop\Robot\Robot\Robot.cpp(1007,20): warning C4305: 'argument': truncation from 'double' to 'float'
C:\Users\jenel\OneDrive\Desktop\Robot\Robot\Robot.cpp(1011,18): warning C4305: 'argument': truncation from 'double' to 'GLfloat'
C:\Users\jenel\OneDrive\Desktop\Robot\Robot\Robot.cpp(1012,57): warning C4305: 'argument': truncation from 'double' to 'float'
C:\Users\jenel\OneDrive\Desktop\Robot\Robot\Robot.cpp(1018,22): warning C4305: 'argument': truncation from 'double' to 'GLfloat'
C:\Users\jenel\OneDrive\Desktop\Robot\Robot\Robot.cpp(1020,32): warning C4305: 'argument': truncation from 'double' to 'float'
C:\Users\jenel\OneDrive\Desktop\Robot\Robot\Robot.cpp(1020,26): warning C4305: 'argument': truncation from 'double' to 'float'
C:\Users\jenel\OneDrive\Desktop\Robot\Robot\Robot.cpp(1020,20): warning C4305: 'argument': truncation from 'double' to 'float'
C:\Users\jenel\OneDrive\Desktop\Robot\Robot\Robot.cpp(1025,18): warning C4305: 'argument': truncation from 'double' to 'GLfloat'
C:\Users\jenel\OneDrive\Desktop\Robot\Robot\Robot.cpp(1027,19): warning C4305: 'argument': truncation from 'double' to 'GLfloat'
C:\Users\jenel\OneDrive\Desktop\Robot\Robot\Robot.cpp(1030,57): warning C4305: 'argument': truncation from 'double' to 'float'
C:\Users\jenel\OneDrive\Desktop\Robot\Robot\Robot.cpp(1037,22): warning C4305: 'argument': truncation from 'double' to 'GLfloat'
C:\Users\jenel\OneDrive\Desktop\Robot\Robot\Robot.cpp(1039,32): warning C4305: 'argument': truncation from 'double' to 'float'
C:\Users\jenel\OneDrive\Desktop\Robot\Robot\Robot.cpp(1039,26): warning C4305: 'argument': truncation from 'double' to 'float'
C:\Users\jenel\OneDrive\Desktop\Robot\Robot\Robot.cpp(1039,20): warning C4305: 'argument': truncation from 'double' to 'float'
C:\Users\jenel\OneDrive\Desktop\Robot\Robot\Robot.cpp(1044,19): warning C4305: 'argument': truncation from 'double' to 'GLfloat'
C:\Users\jenel\OneDrive\Desktop\Robot\Robot\Robot.cpp(1045,57): warning C4305: 'argument': truncation from 'double' to 'float'
C:\Users\jenel\OneDrive\Desktop\Robot\Robot\Robot.cpp(1049,19): warning C4305: 'argument': truncation from 'double' to 'GLfloat'
C:\Users\jenel\OneDrive\Desktop\Robot\Robot\Robot.cpp(1050,32): warning C4305: 'argument': truncation from 'double' to 'float'
C:\Users\jenel\OneDrive\Desktop\Robot\Robot\Robot.cpp(1050,26): warning C4305: 'argument': truncation from 'double' to 'float'
C:\Users\jenel\OneDrive\Desktop\Robot\Robot\Robot.cpp(1050,20): warning C4305: 'argument': truncation from 'double' to 'float'
C:\Users\jenel\OneDrive\Desktop\Robot\Robot\Robot.cpp(1054,19): warning C4305: 'argument': truncation from 'double' to 'GLfloat'
C:\Users\jenel\OneDrive\Desktop\Robot\Robot\Robot.cpp(1055,57): warning C4305: 'argument': truncation from 'double' to 'float'
C:\Users\jenel\OneDrive\Desktop\Robot\Robot\Robot.cpp(1060,19): warning C4305: 'argument': truncation from 'double' to 'GLfloat'
C:\Users\jenel\OneDrive\Desktop\Robot\Robot\Robot.cpp(1062,32): warning C4305: 'argument': truncation from 'double' to 'float'
C:\Users\jenel\OneDrive\Desktop\Robot\Robot\Robot.cpp(1062,26): warning C4305: 'argument': truncation from 'double' to 'float'
C:\Users\jenel\OneDrive\Desktop\Robot\Robot\Robot.cpp(1062,20): warning C4305: 'argument': truncation from 'double' to 'float'
C:\Users\jenel\OneDrive\Desktop\Robot\Robot\Robot.cpp(1066,19): warning C4305: 'argument': truncation from 'double' to 'GLfloat'
C:\Users\jenel\OneDrive\Desktop\Robot\Robot\Robot.cpp(1068,18): warning C4305: 'argument': truncation from 'double' to 'GLfloat'
C:\Users\jenel\OneDrive\Desktop\Robot\Robot\Robot.cpp(1071,19): warning C4305: 'argument': truncation from 'double' to 'GLfloat'
C:\Users\jenel\OneDrive\Desktop\Robot\Robot\Robot.cpp(1072,57): warning C4305: 'argument': truncation from 'double' to 'float'
C:\Users\jenel\OneDrive\Desktop\Robot\Robot\Robot.cpp(1077,19): warning C4305: 'argument': truncation from 'double' to 'GLfloat'
C:\Users\jenel\OneDrive\Desktop\Robot\Robot\Robot.cpp(1079,32): warning C4305: 'argument': truncation from 'double' to 'float'
C:\Users\jenel\OneDrive\Desktop\Robot\Robot\Robot.cpp(1079,26): warning C4305: 'argument': truncation from 'double' to 'float'
C:\Users\jenel\OneDrive\Desktop\Robot\Robot\Robot.cpp(1079,20): warning C4305: 'argument': truncation from 'double' to 'float'
C:\Users\jenel\OneDrive\Desktop\Robot\Robot\Robot.cpp(1084,11): warning C4305: 'argument': truncation from 'double' to 'GLfloat'
C:\Users\jenel\OneDrive\Desktop\Robot\Robot\Robot.cpp(1086,26): warning C4305: 'argument': truncation from 'double' to 'GLfloat'
C:\Users\jenel\OneDrive\Desktop\Robot\Robot\Robot.cpp(1086,19): warning C4305: 'argument': truncation from 'double' to 'GLfloat'
C:\Users\jenel\OneDrive\Desktop\Robot\Robot\Robot.cpp(1087,19): warning C4305: 'argument': truncation from 'double' to 'GLfloat'
C:\Users\jenel\OneDrive\Desktop\Robot\Robot\Robot.cpp(1087,14): warning C4305: 'argument': truncation from 'double' to 'GLfloat'
C:\Users\jenel\OneDrive\Desktop\Robot\Robot\Robot.cpp(1089,20): warning C4305: 'argument': truncation from 'double' to 'float'
C:\Users\jenel\OneDrive\Desktop\Robot\Robot\Robot.cpp(1089,11): warning C4305: 'argument': truncation from 'double' to 'float'
C:\Users\jenel\OneDrive\Desktop\Robot\Robot\Robot.cpp(1099,28): warning C4305: 'argument': truncation from 'double' to 'GLfloat'
C:\Users\jenel\OneDrive\Desktop\Robot\Robot\Robot.cpp(1099,21): warning C4305: 'argument': truncation from 'double' to 'GLfloat'
C:\Users\jenel\OneDrive\Desktop\Robot\Robot\Robot.cpp(1099,13): warning C4305: 'argument': truncation from 'double' to 'GLfloat'
C:\Users\jenel\OneDrive\Desktop\Robot\Robot\Robot.cpp(1100,28): warning C4305: 'argument': truncation from 'double' to 'GLfloat'
C:\Users\jenel\OneDrive\Desktop\Robot\Robot\Robot.cpp(1100,21): warning C4305: 'argument': truncation from 'double' to 'GLfloat'
C:\Users\jenel\OneDrive\Desktop\Robot\Robot\Robot.cpp(1100,13): warning C4305: 'argument': truncation from 'double' to 'GLfloat'
C:\Users\jenel\OneDrive\Desktop\Robot\Robot\Robot.cpp(1101,28): warning C4305: 'argument': truncation from 'double' to 'GLfloat'
C:\Users\jenel\OneDrive\Desktop\Robot\Robot\Robot.cpp(1101,21): warning C4305: 'argument': truncation from 'double' to 'GLfloat'
C:\Users\jenel\OneDrive\Desktop\Robot\Robot\Robot.cpp(1101,13): warning C4305: 'argument': truncation from 'double' to 'GLfloat'
C:\Users\jenel\OneDrive\Desktop\Robot\Robot\Robot.cpp(1103,29): warning C4305: 'argument': truncation from 'double' to 'GLfloat'
C:\Users\jenel\OneDrive\Desktop\Robot\Robot\Robot.cpp(1103,22): warning C4305: 'argument': truncation from 'double' to 'GLfloat'
C:\Users\jenel\OneDrive\Desktop\Robot\Robot\Robot.cpp(1103,14): warning C4305: 'argument': truncation from 'double' to 'GLfloat'
C:\Users\jenel\OneDrive\Desktop\Robot\Robot\Robot.cpp(1104,29): warning C4305: 'argument': truncation from 'double' to 'GLfloat'
C:\Users\jenel\OneDrive\Desktop\Robot\Robot\Robot.cpp(1104,22): warning C4305: 'argument': truncation from 'double' to 'GLfloat'
C:\Users\jenel\OneDrive\Desktop\Robot\Robot\Robot.cpp(1104,14): warning C4305: 'argument': truncation from 'double' to 'GLfloat'
C:\Users\jenel\OneDrive\Desktop\Robot\Robot\Robot.cpp(1105,29): warning C4305: 'argument': truncation from 'double' to 'GLfloat'
C:\Users\jenel\OneDrive\Desktop\Robot\Robot\Robot.cpp(1105,22): warning C4305: 'argument': truncation from 'double' to 'GLfloat'
C:\Users\jenel\OneDrive\Desktop\Robot\Robot\Robot.cpp(1105,14): warning C4305: 'argument': truncation from 'double' to 'GLfloat'
C:\Users\jenel\OneDrive\Desktop\Robot\Robot\Robot.cpp(1112,28): warning C4305: 'argument': truncation from 'double' to 'GLfloat'
C:\Users\jenel\OneDrive\Desktop\Robot\Robot\Robot.cpp(1112,21): warning C4305: 'argument': truncation from 'double' to 'GLfloat'
C:\Users\jenel\OneDrive\Desktop\Robot\Robot\Robot.cpp(1112,13): warning C4305: 'argument': truncation from 'double' to 'GLfloat'
C:\Users\jenel\OneDrive\Desktop\Robot\Robot\Robot.cpp(1113,29): warning C4305: 'argument': truncation from 'double' to 'GLfloat'
C:\Users\jenel\OneDrive\Desktop\Robot\Robot\Robot.cpp(1113,22): warning C4305: 'argument': truncation from 'double' to 'GLfloat'
C:\Users\jenel\OneDrive\Desktop\Robot\Robot\Robot.cpp(1113,14): warning C4305: 'argument': truncation from 'double' to 'GLfloat'
C:\Users\jenel\OneDrive\Desktop\Robot\Robot\Robot.cpp(1114,29): warning C4305: 'argument': truncation from 'double' to 'GLfloat'
C:\Users\jenel\OneDrive\Desktop\Robot\Robot\Robot.cpp(1114,22): warning C4305: 'argument': truncation from 'double' to 'GLfloat'
C:\Users\jenel\OneDrive\Desktop\Robot\Robot\Robot.cpp(1114,14): warning C4305: 'argument': truncation from 'double' to 'GLfloat'
C:\Users\jenel\OneDrive\Desktop\Robot\Robot\Robot.cpp(1115,28): warning C4305: 'argument': truncation from 'double' to 'GLfloat'
C:\Users\jenel\OneDrive\Desktop\Robot\Robot\Robot.cpp(1115,21): warning C4305: 'argument': truncation from 'double' to 'GLfloat'
C:\Users\jenel\OneDrive\Desktop\Robot\Robot\Robot.cpp(1115,13): warning C4305: 'argument': truncation from 'double' to 'GLfloat'
C:\Users\jenel\OneDrive\Desktop\Robot\Robot\Robot.cpp(1122,11): warning C4305: 'argument': truncation from 'double' to 'GLfloat'
C:\Users\jenel\OneDrive\Desktop\Robot\Robot\Robot.cpp(1125,11): warning C4305: 'argument': truncation from 'double' to 'GLfloat'
C:\Users\jenel\OneDrive\Desktop\Robot\Robot\Robot.cpp(1126,21): warning C4305: 'argument': truncation from 'double' to 'float'
C:\Users\jenel\OneDrive\Desktop\Robot\Robot\Robot.cpp(1126,11): warning C4305: 'argument': truncation from 'double' to 'float'
C:\Users\jenel\OneDrive\Desktop\Robot\Robot\Robot.cpp(1134,14): warning C4305: 'argument': truncation from 'double' to 'GLfloat'
C:\Users\jenel\OneDrive\Desktop\Robot\Robot\Robot.cpp(1135,22): warning C4305: 'argument': truncation from 'double' to 'GLfloat'
C:\Users\jenel\OneDrive\Desktop\Robot\Robot\Robot.cpp(1135,16): warning C4305: 'argument': truncation from 'double' to 'GLfloat'
C:\Users\jenel\OneDrive\Desktop\Robot\Robot\Robot.cpp(1142,14): warning C4305: 'argument': truncation from 'double' to 'GLfloat'
C:\Users\jenel\OneDrive\Desktop\Robot\Robot\Robot.cpp(1143,22): warning C4305: 'argument': truncation from 'double' to 'GLfloat'
C:\Users\jenel\OneDrive\Desktop\Robot\Robot\Robot.cpp(1143,16): warning C4305: 'argument': truncation from 'double' to 'GLfloat'
C:\Users\jenel\OneDrive\Desktop\Robot\Robot\Robot.cpp(1149,14): warning C4305: 'argument': truncation from 'double' to 'GLfloat'
C:\Users\jenel\OneDrive\Desktop\Robot\Robot\Robot.cpp(1150,21): warning C4305: 'argument': truncation from 'double' to 'GLfloat'
C:\Users\jenel\OneDrive\Desktop\Robot\Robot\Robot.cpp(1150,15): warning C4305: 'argument': truncation from 'double' to 'GLfloat'
C:\Users\jenel\OneDrive\Desktop\Robot\Robot\Robot.cpp(1157,19): warning C4305: 'argument': truncation from 'double' to 'GLfloat'
C:\Users\jenel\OneDrive\Desktop\Robot\Robot\Robot.cpp(1158,16): warning C4305: 'argument': truncation from 'double' to 'GLfloat'
C:\Users\jenel\OneDrive\Desktop\Robot\Robot\Robot.cpp(1158,11): warning C4305: 'argument': truncation from 'double' to 'GLfloat'
C:\Users\jenel\OneDrive\Desktop\Robot\Robot\Robot.cpp(1161,17): warning C4305: 'argument': truncation from 'double' to 'GLfloat'
C:\Users\jenel\OneDrive\Desktop\Robot\Robot\Robot.cpp(1163,22): warning C4305: 'argument': truncation from 'double' to 'GLfloat'
C:\Users\jenel\OneDrive\Desktop\Robot\Robot\Robot.cpp(1163,16): warning C4305: 'argument': truncation from 'double' to 'GLfloat'
C:\Users\jenel\OneDrive\Desktop\Robot\Robot\Robot.cpp(1170,22): warning C4305: 'argument': truncation from 'double' to 'GLfloat'
C:\Users\jenel\OneDrive\Desktop\Robot\Robot\Robot.cpp(1170,16): warning C4305: 'argument': truncation from 'double' to 'GLfloat'
C:\Users\jenel\OneDrive\Desktop\Robot\Robot\Robot.cpp(1177,17): warning C4305: 'argument': truncation from 'double' to 'GLfloat'
C:\Users\jenel\OneDrive\Desktop\Robot\Robot\Robot.cpp(1179,23): warning C4305: 'argument': truncation from 'double' to 'GLfloat'
C:\Users\jenel\OneDrive\Desktop\Robot\Robot\Robot.cpp(1179,16): warning C4305: 'argument': truncation from 'double' to 'GLfloat'
C:\Users\jenel\OneDrive\Desktop\Robot\Robot\Robot.cpp(1186,23): warning C4305: 'argument': truncation from 'double' to 'GLfloat'
C:\Users\jenel\OneDrive\Desktop\Robot\Robot\Robot.cpp(1186,16): warning C4305: 'argument': truncation from 'double' to 'GLfloat'
C:\Users\jenel\OneDrive\Desktop\Robot\Robot\Robot.cpp(1207,27): warning C4305: 'argument': truncation from 'double' to 'GLfloat'
C:\Users\jenel\OneDrive\Desktop\Robot\Robot\Robot.cpp(1207,21): warning C4305: 'argument': truncation from 'double' to 'GLfloat'
C:\Users\jenel\OneDrive\Desktop\Robot\Robot\Robot.cpp(1207,15): warning C4305: 'argument': truncation from 'double' to 'GLfloat'
C:\Users\jenel\OneDrive\Desktop\Robot\Robot\Robot.cpp(1212,28): warning C4305: 'argument': truncation from 'double' to 'GLfloat'
C:\Users\jenel\OneDrive\Desktop\Robot\Robot\Robot.cpp(1212,22): warning C4305: 'argument': truncation from 'double' to 'GLfloat'
C:\Users\jenel\OneDrive\Desktop\Robot\Robot\Robot.cpp(1212,16): warning C4305: 'argument': truncation from 'double' to 'GLfloat'
C:\Users\jenel\OneDrive\Desktop\Robot\Robot\Robot.cpp(1217,27): warning C4305: 'argument': truncation from 'double' to 'GLfloat'
C:\Users\jenel\OneDrive\Desktop\Robot\Robot\Robot.cpp(1217,21): warning C4305: 'argument': truncation from 'double' to 'GLfloat'
C:\Users\jenel\OneDrive\Desktop\Robot\Robot\Robot.cpp(1217,16): warning C4305: 'argument': truncation from 'double' to 'GLfloat'
C:\Users\jenel\OneDrive\Desktop\Robot\Robot\Robot.cpp(1219,12): warning C4305: 'argument': truncation from 'double' to 'GLfloat'
C:\Users\jenel\OneDrive\Desktop\Robot\Robot\Robot.cpp(1220,27): warning C4305: 'argument': truncation from 'double' to 'float'
C:\Users\jenel\OneDrive\Desktop\Robot\Robot\Robot.cpp(1225,26): warning C4305: 'argument': truncation from 'double' to 'GLfloat'
C:\Users\jenel\OneDrive\Desktop\Robot\Robot\Robot.cpp(1225,20): warning C4305: 'argument': truncation from 'double' to 'GLfloat'
C:\Users\jenel\OneDrive\Desktop\Robot\Robot\Robot.cpp(1225,15): warning C4305: 'argument': truncation from 'double' to 'GLfloat'
C:\Users\jenel\OneDrive\Desktop\Robot\Robot\Robot.cpp(1227,12): warning C4305: 'argument': truncation from 'double' to 'GLfloat'
C:\Users\jenel\OneDrive\Desktop\Robot\Robot\Robot.cpp(1234,17): warning C4305: 'argument': truncation from 'double' to 'GLfloat'
C:\Users\jenel\OneDrive\Desktop\Robot\Robot\Robot.cpp(1243,16): warning C4305: 'argument': truncation from 'double' to 'GLfloat'
C:\Users\jenel\OneDrive\Desktop\Robot\Robot\Robot.cpp(1246,11): warning C4305: 'argument': truncation from 'double' to 'GLfloat'
C:\Users\jenel\OneDrive\Desktop\Robot\Robot\Robot.cpp(1251,15): warning C4305: 'argument': truncation from 'double' to 'GLfloat'
C:\Users\jenel\OneDrive\Desktop\Robot\Robot\Robot.cpp(1254,11): warning C4305: 'argument': truncation from 'double' to 'GLfloat'
C:\Users\jenel\OneDrive\Desktop\Robot\Robot\Robot.cpp(1260,28): warning C4305: 'argument': truncation from 'double' to 'float'
C:\Users\jenel\OneDrive\Desktop\Robot\Robot\Robot.cpp(1260,23): warning C4305: 'argument': truncation from 'double' to 'float'
C:\Users\jenel\OneDrive\Desktop\Robot\Robot\Robot.cpp(1261,29): warning C4305: 'argument': truncation from 'double' to 'float'
C:\Users\jenel\OneDrive\Desktop\Robot\Robot\Robot.cpp(1261,24): warning C4305: 'argument': truncation from 'double' to 'float'
C:\Users\jenel\OneDrive\Desktop\Robot\Robot\Robot.cpp(1263,23): warning C4305: 'argument': truncation from 'double' to 'GLfloat'
C:\Users\jenel\OneDrive\Desktop\Robot\Robot\Robot.cpp(1264,22): warning C4305: 'argument': truncation from 'double' to 'GLfloat'
C:\Users\jenel\OneDrive\Desktop\Robot\Robot\Robot.cpp(1265,22): warning C4305: 'argument': truncation from 'double' to 'GLfloat'
C:\Users\jenel\OneDrive\Desktop\Robot\Robot\Robot.cpp(1267,24): warning C4305: 'argument': truncation from 'double' to 'GLfloat'
C:\Users\jenel\OneDrive\Desktop\Robot\Robot\Robot.cpp(1268,23): warning C4305: 'argument': truncation from 'double' to 'GLfloat'
C:\Users\jenel\OneDrive\Desktop\Robot\Robot\Robot.cpp(1269,23): warning C4305: 'argument': truncation from 'double' to 'GLfloat'
C:\Users\jenel\OneDrive\Desktop\Robot\Robot\Robot.cpp(1271,20): warning C4305: 'argument': truncation from 'double' to 'GLfloat'
C:\Users\jenel\OneDrive\Desktop\Robot\Robot\Robot.cpp(1272,22): warning C4305: 'argument': truncation from 'double' to 'GLfloat'
C:\Users\jenel\OneDrive\Desktop\Robot\Robot\Robot.cpp(1273,22): warning C4305: 'argument': truncation from 'double' to 'GLfloat'
C:\Users\jenel\OneDrive\Desktop\Robot\Robot\Robot.cpp(1275,20): warning C4305: 'argument': truncation from 'double' to 'GLfloat'
C:\Users\jenel\OneDrive\Desktop\Robot\Robot\Robot.cpp(1276,23): warning C4305: 'argument': truncation from 'double' to 'GLfloat'
C:\Users\jenel\OneDrive\Desktop\Robot\Robot\Robot.cpp(1277,23): warning C4305: 'argument': truncation from 'double' to 'GLfloat'
C:\Users\jenel\OneDrive\Desktop\Robot\Robot\Robot.cpp(1281,22): warning C4305: 'argument': truncation from 'double' to 'GLfloat'
C:\Users\jenel\OneDrive\Desktop\Robot\Robot\Robot.cpp(1281,13): warning C4305: 'argument': truncation from 'double' to 'GLfloat'
C:\Users\jenel\OneDrive\Desktop\Robot\Robot\Robot.cpp(1282,20): warning C4305: 'argument': truncation from 'double' to 'GLfloat'
C:\Users\jenel\OneDrive\Desktop\Robot\Robot\Robot.cpp(1283,20): warning C4305: 'argument': truncation from 'double' to 'GLfloat'
C:\Users\jenel\OneDrive\Desktop\Robot\Robot\Robot.cpp(1284,22): warning C4305: 'argument': truncation from 'double' to 'GLfloat'
C:\Users\jenel\OneDrive\Desktop\Robot\Robot\Robot.cpp(1284,13): warning C4305: 'argument': truncation from 'double' to 'GLfloat'
C:\Users\jenel\OneDrive\Desktop\Robot\Robot\Robot.cpp(1286,23): warning C4305: 'argument': truncation from 'double' to 'GLfloat'
C:\Users\jenel\OneDrive\Desktop\Robot\Robot\Robot.cpp(1286,14): warning C4305: 'argument': truncation from 'double' to 'GLfloat'
C:\Users\jenel\OneDrive\Desktop\Robot\Robot\Robot.cpp(1287,21): warning C4305: 'argument': truncation from 'double' to 'GLfloat'
C:\Users\jenel\OneDrive\Desktop\Robot\Robot\Robot.cpp(1288,21): warning C4305: 'argument': truncation from 'double' to 'GLfloat'
C:\Users\jenel\OneDrive\Desktop\Robot\Robot\Robot.cpp(1289,23): warning C4305: 'argument': truncation from 'double' to 'GLfloat'
C:\Users\jenel\OneDrive\Desktop\Robot\Robot\Robot.cpp(1289,14): warning C4305: 'argument': truncation from 'double' to 'GLfloat'
C:\Users\jenel\OneDrive\Desktop\Robot\Robot\Robot.cpp(1296,24): warning C4305: 'argument': truncation from 'double' to 'GLfloat'
C:\Users\jenel\OneDrive\Desktop\Robot\Robot\Robot.cpp(1296,15): warning C4305: 'argument': truncation from 'double' to 'GLfloat'
C:\Users\jenel\OneDrive\Desktop\Robot\Robot\Robot.cpp(1297,19): warning C4305: 'argument': truncation from 'double' to 'GLfloat'
C:\Users\jenel\OneDrive\Desktop\Robot\Robot\Robot.cpp(1297,14): warning C4305: 'argument': truncation from 'double' to 'GLfloat'
C:\Users\jenel\OneDrive\Desktop\Robot\Robot\Robot.cpp(1304,25): warning C4305: 'argument': truncation from 'double' to 'GLfloat'
C:\Users\jenel\OneDrive\Desktop\Robot\Robot\Robot.cpp(1304,16): warning C4305: 'argument': truncation from 'double' to 'GLfloat'
C:\Users\jenel\OneDrive\Desktop\Robot\Robot\Robot.cpp(1305,19): warning C4305: 'argument': truncation from 'double' to 'GLfloat'
C:\Users\jenel\OneDrive\Desktop\Robot\Robot\Robot.cpp(1305,14): warning C4305: 'argument': truncation from 'double' to 'GLfloat'
C:\Users\jenel\OneDrive\Desktop\Robot\Robot\Robot.cpp(1314,17): warning C4305: 'argument': truncation from 'double' to 'GLfloat'
C:\Users\jenel\OneDrive\Desktop\Robot\Robot\Robot.cpp(1316,24): warning C4305: 'argument': truncation from 'double' to 'GLfloat'
C:\Users\jenel\OneDrive\Desktop\Robot\Robot\Robot.cpp(1321,21): warning C4305: 'argument': truncation from 'double' to 'GLfloat'
C:\Users\jenel\OneDrive\Desktop\Robot\Robot\Robot.cpp(1321,16): warning C4305: 'argument': truncation from 'double' to 'GLfloat'
C:\Users\jenel\OneDrive\Desktop\Robot\Robot\Robot.cpp(1321,11): warning C4305: 'argument': truncation from 'double' to 'GLfloat'
C:\Users\jenel\OneDrive\Desktop\Robot\Robot\Robot.cpp(1329,13): warning C4305: 'argument': truncation from 'double' to 'GLfloat'
C:\Users\jenel\OneDrive\Desktop\Robot\Robot\Robot.cpp(1330,21): warning C4305: 'argument': truncation from 'double' to 'GLfloat'
C:\Users\jenel\OneDrive\Desktop\Robot\Robot\Robot.cpp(1330,16): warning C4305: 'argument': truncation from 'double' to 'GLfloat'
C:\Users\jenel\OneDrive\Desktop\Robot\Robot\Robot.cpp(1330,11): warning C4305: 'argument': truncation from 'double' to 'GLfloat'
C:\Users\jenel\OneDrive\Desktop\Robot\Robot\Robot.cpp(1335,17): warning C4305: 'argument': truncation from 'double' to 'GLfloat'
C:\Users\jenel\OneDrive\Desktop\Robot\Robot\Robot.cpp(1337,23): warning C4305: 'argument': truncation from 'double' to 'GLfloat'
C:\Users\jenel\OneDrive\Desktop\Robot\Robot\Robot.cpp(1343,17): warning C4305: 'argument': truncation from 'double' to 'GLfloat'
C:\Users\jenel\OneDrive\Desktop\Robot\Robot\Robot.cpp(1350,17): warning C4305: 'argument': truncation from 'double' to 'GLfloat'
C:\Users\jenel\OneDrive\Desktop\Robot\Robot\Robot.cpp(1352,25): warning C4305: 'argument': truncation from 'double' to 'GLfloat'
C:\Users\jenel\OneDrive\Desktop\Robot\Robot\Robot.cpp(1358,17): warning C4305: 'argument': truncation from 'double' to 'GLfloat'
C:\Users\jenel\OneDrive\Desktop\Robot\Robot\Robot.cpp(1360,24): warning C4305: 'argument': truncation from 'double' to 'GLfloat'
C:\Users\jenel\OneDrive\Desktop\Robot\Robot\Robot.cpp(1366,18): warning C4305: 'argument': truncation from 'double' to 'GLfloat'
C:\Users\jenel\OneDrive\Desktop\Robot\Robot\Robot.cpp(1390,21): warning C4305: 'argument': truncation from 'double' to 'GLfloat'
C:\Users\jenel\OneDrive\Desktop\Robot\Robot\Robot.cpp(1390,16): warning C4305: 'argument': truncation from 'double' to 'GLfloat'
C:\Users\jenel\OneDrive\Desktop\Robot\Robot\Robot.cpp(1424,43): warning C4305: 'argument': truncation from 'double' to 'float'
C:\Users\jenel\OneDrive\Desktop\Robot\Robot\Robot.cpp(1424,36): warning C4305: 'argument': truncation from 'double' to 'float'
C:\Users\jenel\OneDrive\Desktop\Robot\Robot\Robot.cpp(1428,31): warning C4305: 'argument': truncation from 'double' to 'GLfloat'
C:\Users\jenel\OneDrive\Desktop\Robot\Robot\Robot.cpp(1428,16): warning C4305: 'argument': truncation from 'double' to 'GLfloat'
C:\Users\jenel\OneDrive\Desktop\Robot\Robot\Robot.cpp(1430,15): warning C4305: 'argument': truncation from 'double' to 'float'
C:\Users\jenel\OneDrive\Desktop\Robot\Robot\Robot.cpp(1434,31): warning C4305: 'argument': truncation from 'double' to 'GLfloat'
C:\Users\jenel\OneDrive\Desktop\Robot\Robot\Robot.cpp(1434,16): warning C4305: 'argument': truncation from 'double' to 'GLfloat'
C:\Users\jenel\OneDrive\Desktop\Robot\Robot\Robot.cpp(1436,15): warning C4305: 'argument': truncation from 'double' to 'float'
C:\Users\jenel\OneDrive\Desktop\Robot\Robot\Robot.cpp(1440,16): warning C4305: 'argument': truncation from 'double' to 'GLfloat'
C:\Users\jenel\OneDrive\Desktop\Robot\Robot\Robot.cpp(1442,15): warning C4305: 'argument': truncation from 'double' to 'float'
C:\Users\jenel\OneDrive\Desktop\Robot\Robot\Robot.cpp(1446,32): warning C4305: 'argument': truncation from 'double' to 'GLfloat'
C:\Users\jenel\OneDrive\Desktop\Robot\Robot\Robot.cpp(1446,16): warning C4305: 'argument': truncation from 'double' to 'GLfloat'
C:\Users\jenel\OneDrive\Desktop\Robot\Robot\Robot.cpp(1448,15): warning C4305: 'argument': truncation from 'double' to 'float'
C:\Users\jenel\OneDrive\Desktop\Robot\Robot\Robot.cpp(1462,49): warning C4305: 'argument': truncation from 'double' to 'float'
C:\Users\jenel\OneDrive\Desktop\Robot\Robot\Robot.cpp(1462,43): warning C4305: 'argument': truncation from 'double' to 'float'
C:\Users\jenel\OneDrive\Desktop\Robot\Robot\Robot.cpp(1462,37): warning C4305: 'argument': truncation from 'double' to 'float'
C:\Users\jenel\OneDrive\Desktop\Robot\Robot\Robot.cpp(1466,43): warning C4305: 'argument': truncation from 'double' to 'float'
C:\Users\jenel\OneDrive\Desktop\Robot\Robot\Robot.cpp(1473,20): warning C4305: 'argument': truncation from 'double' to 'GLfloat'
C:\Users\jenel\OneDrive\Desktop\Robot\Robot\Robot.cpp(1474,51): warning C4305: 'argument': truncation from 'double' to 'float'
C:\Users\jenel\OneDrive\Desktop\Robot\Robot\Robot.cpp(1474,44): warning C4305: 'argument': truncation from 'double' to 'float'
C:\Users\jenel\OneDrive\Desktop\Robot\Robot\Robot.cpp(1474,37): warning C4305: 'argument': truncation from 'double' to 'float'
C:\Users\jenel\OneDrive\Desktop\Robot\Robot\Robot.cpp(1483,16): warning C4305: 'argument': truncation from 'double' to 'GLfloat'
C:\Users\jenel\OneDrive\Desktop\Robot\Robot\Robot.cpp(1484,43): warning C4305: 'argument': truncation from 'double' to 'float'
C:\Users\jenel\OneDrive\Desktop\Robot\Robot\Robot.cpp(1484,37): warning C4305: 'argument': truncation from 'double' to 'float'
C:\Users\jenel\OneDrive\Desktop\Robot\Robot\Robot.cpp(1484,31): warning C4305: 'argument': truncation from 'double' to 'float'
C:\Users\jenel\OneDrive\Desktop\Robot\Robot\Robot.cpp(1494,22): warning C4305: 'argument': truncation from 'double' to 'GLfloat'
C:\Users\jenel\OneDrive\Desktop\Robot\Robot\Robot.cpp(1495,21): warning C4305: 'argument': truncation from 'double' to 'GLfloat'
C:\Users\jenel\OneDrive\Desktop\Robot\Robot\Robot.cpp(1496,51): warning C4305: 'argument': truncation from 'double' to 'float'
C:\Users\jenel\OneDrive\Desktop\Robot\Robot\Robot.cpp(1500,22): warning C4305: 'argument': truncation from 'double' to 'GLfloat'
C:\Users\jenel\OneDrive\Desktop\Robot\Robot\Robot.cpp(1501,91): warning C4305: 'argument': truncation from 'double' to 'float'
C:\Users\jenel\OneDrive\Desktop\Robot\Robot\Robot.cpp(1501,75): warning C4305: 'argument': truncation from 'double' to 'float'
C:\Users\jenel\OneDrive\Desktop\Robot\Robot\Robot.cpp(1501,68): warning C4305: 'argument': truncation from 'double' to 'float'
C:\Users\jenel\OneDrive\Desktop\Robot\Robot\Robot.cpp(1501,61): warning C4305: 'argument': truncation from 'double' to 'float'
C:\Users\jenel\OneDrive\Desktop\Robot\Robot\Robot.cpp(1505,24): warning C4305: 'argument': truncation from 'double' to 'GLfloat'
C:\Users\jenel\OneDrive\Desktop\Robot\Robot\Robot.cpp(1505,16): warning C4305: 'argument': truncation from 'double' to 'GLfloat'
C:\Users\jenel\OneDrive\Desktop\Robot\Robot\Robot.cpp(1506,58): warning C4305: 'argument': truncation from 'double' to 'float'
C:\Users\jenel\OneDrive\Desktop\Robot\Robot\Robot.cpp(1514,23): warning C4305: 'argument': truncation from 'double' to 'GLfloat'
C:\Users\jenel\OneDrive\Desktop\Robot\Robot\Robot.cpp(1514,16): warning C4305: 'argument': truncation from 'double' to 'GLfloat'
C:\Users\jenel\OneDrive\Desktop\Robot\Robot\Robot.cpp(1515,75): warning C4305: 'argument': truncation from 'double' to 'float'
C:\Users\jenel\OneDrive\Desktop\Robot\Robot\Robot.cpp(1515,70): warning C4305: 'argument': truncation from 'double' to 'float'
C:\Users\jenel\OneDrive\Desktop\Robot\Robot\Robot.cpp(1515,65): warning C4305: 'argument': truncation from 'double' to 'float'
C:\Users\jenel\OneDrive\Desktop\Robot\Robot\Robot.cpp(1515,58): warning C4305: 'argument': truncation from 'double' to 'float'
C:\Users\jenel\OneDrive\Desktop\Robot\Robot\Robot.cpp(1522,24): warning C4305: 'argument': truncation from 'double' to 'GLfloat'
C:\Users\jenel\OneDrive\Desktop\Robot\Robot\Robot.cpp(1522,16): warning C4305: 'argument': truncation from 'double' to 'GLfloat'
C:\Users\jenel\OneDrive\Desktop\Robot\Robot\Robot.cpp(1523,76): warning C4305: 'argument': truncation from 'double' to 'float'
C:\Users\jenel\OneDrive\Desktop\Robot\Robot\Robot.cpp(1523,71): warning C4305: 'argument': truncation from 'double' to 'float'
C:\Users\jenel\OneDrive\Desktop\Robot\Robot\Robot.cpp(1523,65): warning C4305: 'argument': truncation from 'double' to 'float'
C:\Users\jenel\OneDrive\Desktop\Robot\Robot\Robot.cpp(1523,58): warning C4305: 'argument': truncation from 'double' to 'float'
C:\Users\jenel\OneDrive\Desktop\Robot\Robot\Robot.cpp(1530,22): warning C4305: 'argument': truncation from 'double' to 'GLfloat'
C:\Users\jenel\OneDrive\Desktop\Robot\Robot\Robot.cpp(1531,26): warning C4305: 'argument': truncation from 'double' to 'GLfloat'
C:\Users\jenel\OneDrive\Desktop\Robot\Robot\Robot.cpp(1531,15): warning C4305: 'argument': truncation from 'double' to 'GLfloat'
C:\Users\jenel\OneDrive\Desktop\Robot\Robot\Robot.cpp(1532,62): warning C4305: 'argument': truncation from 'double' to 'float'
C:\Users\jenel\OneDrive\Desktop\Robot\Robot\Robot.cpp(1532,57): warning C4305: 'argument': truncation from 'double' to 'float'
C:\Users\jenel\OneDrive\Desktop\Robot\Robot\Robot.cpp(1532,51): warning C4305: 'argument': truncation from 'double' to 'float'
C:\Users\jenel\OneDrive\Desktop\Robot\Robot\Robot.cpp(1536,24): warning C4305: 'argument': truncation from 'double' to 'GLfloat'
C:\Users\jenel\OneDrive\Desktop\Robot\Robot\Robot.cpp(1536,16): warning C4305: 'argument': truncation from 'double' to 'GLfloat'
C:\Users\jenel\OneDrive\Desktop\Robot\Robot\Robot.cpp(1537,92): warning C4305: 'argument': truncation from 'double' to 'float'
C:\Users\jenel\OneDrive\Desktop\Robot\Robot\Robot.cpp(1537,69): warning C4305: 'argument': truncation from 'double' to 'float'
C:\Users\jenel\OneDrive\Desktop\Robot\Robot\Robot.cpp(1537,61): warning C4305: 'argument': truncation from 'double' to 'float'
C:\Users\jenel\OneDrive\Desktop\Robot\Robot\Robot.cpp(1541,24): warning C4305: 'argument': truncation from 'double' to 'GLfloat'
C:\Users\jenel\OneDrive\Desktop\Robot\Robot\Robot.cpp(1541,16): warning C4305: 'argument': truncation from 'double' to 'GLfloat'
C:\Users\jenel\OneDrive\Desktop\Robot\Robot\Robot.cpp(1542,74): warning C4305: 'argument': truncation from 'double' to 'float'
C:\Users\jenel\OneDrive\Desktop\Robot\Robot\Robot.cpp(1542,65): warning C4305: 'argument': truncation from 'double' to 'float'
C:\Users\jenel\OneDrive\Desktop\Robot\Robot\Robot.cpp(1542,58): warning C4305: 'argument': truncation from 'double' to 'float'
C:\Users\jenel\OneDrive\Desktop\Robot\Robot\Robot.cpp(1546,24): warning C4305: 'argument': truncation from 'double' to 'GLfloat'
C:\Users\jenel\OneDrive\Desktop\Robot\Robot\Robot.cpp(1546,16): warning C4305: 'argument': truncation from 'double' to 'GLfloat'
C:\Users\jenel\OneDrive\Desktop\Robot\Robot\Robot.cpp(1547,58): warning C4305: 'argument': truncation from 'double' to 'float'
C:\Users\jenel\OneDrive\Desktop\Robot\Robot\Robot.cpp(1553,66): warning C4305: 'argument': truncation from 'double' to 'float'
C:\Users\jenel\OneDrive\Desktop\Robot\Robot\Robot.cpp(1553,60): warning C4305: 'argument': truncation from 'double' to 'float'
C:\Users\jenel\OneDrive\Desktop\Robot\Robot\Robot.cpp(1553,54): warning C4305: 'argument': truncation from 'double' to 'float'
C:\Users\jenel\OneDrive\Desktop\Robot\Robot\Robot.cpp(1559,12): warning C4244: 'argument': conversion from 'int' to 'GLfloat', possible loss of data
C:\Users\jenel\OneDrive\Desktop\Robot\Robot\Robot.cpp(1560,69): warning C4305: 'argument': truncation from 'double' to 'float'
C:\Users\jenel\OneDrive\Desktop\Robot\Robot\Robot.cpp(1566,23): warning C4305: 'argument': truncation from 'double' to 'GLfloat'
C:\Users\jenel\OneDrive\Desktop\Robot\Robot\Robot.cpp(1566,16): warning C4305: 'argument': truncation from 'double' to 'GLfloat'
C:\Users\jenel\OneDrive\Desktop\Robot\Robot\Robot.cpp(1567,19): warning C4305: 'argument': truncation from 'double' to 'float'
C:\Users\jenel\OneDrive\Desktop\Robot\Robot\Robot.cpp(1567,12): warning C4305: 'argument': truncation from 'double' to 'float'
C:\Users\jenel\OneDrive\Desktop\Robot\Robot\Robot.cpp(1570,23): warning C4305: 'argument': truncation from 'double' to 'GLfloat'
C:\Users\jenel\OneDrive\Desktop\Robot\Robot\Robot.cpp(1570,16): warning C4305: 'argument': truncation from 'double' to 'GLfloat'
C:\Users\jenel\OneDrive\Desktop\Robot\Robot\Robot.cpp(1571,19): warning C4305: 'argument': truncation from 'double' to 'float'
C:\Users\jenel\OneDrive\Desktop\Robot\Robot\Robot.cpp(1571,12): warning C4305: 'argument': truncation from 'double' to 'float'
C:\Users\jenel\OneDrive\Desktop\Robot\Robot\Robot.cpp(1575,19): warning C4305: 'argument': truncation from 'double' to 'GLfloat'
C:\Users\jenel\OneDrive\Desktop\Robot\Robot\Robot.cpp(1576,19): warning C4305: 'argument': truncation from 'double' to 'float'
C:\Users\jenel\OneDrive\Desktop\Robot\Robot\Robot.cpp(1576,12): warning C4305: 'argument': truncation from 'double' to 'float'
C:\Users\jenel\OneDrive\Desktop\Robot\Robot\Robot.cpp(1579,19): warning C4305: 'argument': truncation from 'double' to 'GLfloat'
C:\Users\jenel\OneDrive\Desktop\Robot\Robot\Robot.cpp(1580,19): warning C4305: 'argument': truncation from 'double' to 'float'
C:\Users\jenel\OneDrive\Desktop\Robot\Robot\Robot.cpp(1580,12): warning C4305: 'argument': truncation from 'double' to 'float'
C:\Users\jenel\OneDrive\Desktop\Robot\Robot\Robot.cpp(1584,22): warning C4305: 'argument': truncation from 'double' to 'GLfloat'
C:\Users\jenel\OneDrive\Desktop\Robot\Robot\Robot.cpp(1584,15): warning C4305: 'argument': truncation from 'double' to 'GLfloat'
C:\Users\jenel\OneDrive\Desktop\Robot\Robot\Robot.cpp(1585,19): warning C4305: 'argument': truncation from 'double' to 'float'
C:\Users\jenel\OneDrive\Desktop\Robot\Robot\Robot.cpp(1585,12): warning C4305: 'argument': truncation from 'double' to 'float'
C:\Users\jenel\OneDrive\Desktop\Robot\Robot\Robot.cpp(1588,22): warning C4305: 'argument': truncation from 'double' to 'GLfloat'
C:\Users\jenel\OneDrive\Desktop\Robot\Robot\Robot.cpp(1588,15): warning C4305: 'argument': truncation from 'double' to 'GLfloat'
C:\Users\jenel\OneDrive\Desktop\Robot\Robot\Robot.cpp(1589,19): warning C4305: 'argument': truncation from 'double' to 'float'
C:\Users\jenel\OneDrive\Desktop\Robot\Robot\Robot.cpp(1589,12): warning C4305: 'argument': truncation from 'double' to 'float'
C:\Users\jenel\OneDrive\Desktop\Robot\Robot\Robot.cpp(1594,22): warning C4305: 'argument': truncation from 'double' to 'GLfloat'
C:\Users\jenel\OneDrive\Desktop\Robot\Robot\Robot.cpp(1594,15): warning C4305: 'argument': truncation from 'double' to 'GLfloat'
C:\Users\jenel\OneDrive\Desktop\Robot\Robot\Robot.cpp(1595,19): warning C4305: 'argument': truncation from 'double' to 'float'
C:\Users\jenel\OneDrive\Desktop\Robot\Robot\Robot.cpp(1595,12): warning C4305: 'argument': truncation from 'double' to 'float'
C:\Users\jenel\OneDrive\Desktop\Robot\Robot\Robot.cpp(1602,21): warning C4305: 'argument': truncation from 'double' to 'GLfloat'
C:\Users\jenel\OneDrive\Desktop\Robot\Robot\Robot.cpp(1602,16): warning C4305: 'argument': truncation from 'double' to 'GLfloat'
C:\Users\jenel\OneDrive\Desktop\Robot\Robot\Robot.cpp(1602,11): warning C4305: 'argument': truncation from 'double' to 'GLfloat'
C:\Users\jenel\OneDrive\Desktop\Robot\Robot\Robot.cpp(1617,30): warning C4305: 'argument': truncation from 'double' to 'GLfloat'
C:\Users\jenel\OneDrive\Desktop\Robot\Robot\Robot.cpp(1617,24): warning C4305: 'argument': truncation from 'double' to 'GLfloat'
C:\Users\jenel\OneDrive\Desktop\Robot\Robot\Robot.cpp(1617,16): warning C4305: 'argument': truncation from 'double' to 'GLfloat'
C:\Users\jenel\OneDrive\Desktop\Robot\Robot\Robot.cpp(1622,16): warning C4305: 'argument': truncation from 'double' to 'GLfloat'
C:\Users\jenel\OneDrive\Desktop\Robot\Robot\Robot.cpp(1628,17): warning C4305: 'argument': truncation from 'double' to 'GLfloat'
C:\Users\jenel\OneDrive\Desktop\Robot\Robot\Robot.cpp(1629,22): warning C4305: 'argument': truncation from 'double' to 'GLfloat'
C:\Users\jenel\OneDrive\Desktop\Robot\Robot\Robot.cpp(1629,17): warning C4305: 'argument': truncation from 'double' to 'GLfloat'
C:\Users\jenel\OneDrive\Desktop\Robot\Robot\Robot.cpp(1629,12): warning C4305: 'argument': truncation from 'double' to 'GLfloat'
C:\Users\jenel\OneDrive\Desktop\Robot\Robot\Robot.cpp(1636,17): warning C4305: 'argument': truncation from 'double' to 'GLfloat'
C:\Users\jenel\OneDrive\Desktop\Robot\Robot\Robot.cpp(1637,22): warning C4305: 'argument': truncation from 'double' to 'GLfloat'
C:\Users\jenel\OneDrive\Desktop\Robot\Robot\Robot.cpp(1637,17): warning C4305: 'argument': truncation from 'double' to 'GLfloat'
C:\Users\jenel\OneDrive\Desktop\Robot\Robot\Robot.cpp(1637,12): warning C4305: 'argument': truncation from 'double' to 'GLfloat'
C:\Users\jenel\OneDrive\Desktop\Robot\Robot\Robot.cpp(1646,16): warning C4305: 'argument': truncation from 'double' to 'GLfloat'
C:\Users\jenel\OneDrive\Desktop\Robot\Robot\Robot.cpp(1651,30): warning C4305: 'argument': truncation from 'double' to 'GLfloat'
C:\Users\jenel\OneDrive\Desktop\Robot\Robot\Robot.cpp(1651,24): warning C4305: 'argument': truncation from 'double' to 'GLfloat'
C:\Users\jenel\OneDrive\Desktop\Robot\Robot\Robot.cpp(1651,16): warning C4305: 'argument': truncation from 'double' to 'GLfloat'
C:\Users\jenel\OneDrive\Desktop\Robot\Robot\Robot.cpp(1659,20): warning C4305: 'argument': truncation from 'double' to 'GLfloat'
C:\Users\jenel\OneDrive\Desktop\Robot\Robot\Robot.cpp(1664,19): warning C4305: 'argument': truncation from 'double' to 'GLfloat'
C:\Users\jenel\OneDrive\Desktop\Robot\Robot\Robot.cpp(1666,18): warning C4305: 'argument': truncation from 'double' to 'GLfloat'
C:\Users\jenel\OneDrive\Desktop\Robot\Robot\Robot.cpp(1676,20): warning C4305: 'argument': truncation from 'double' to 'GLfloat'
C:\Users\jenel\OneDrive\Desktop\Robot\Robot\Robot.cpp(1681,19): warning C4305: 'argument': truncation from 'double' to 'GLfloat'
C:\Users\jenel\OneDrive\Desktop\Robot\Robot\Robot.cpp(1683,18): warning C4305: 'argument': truncation from 'double' to 'GLfloat'
C:\Users\jenel\OneDrive\Desktop\Robot\Robot\Robot.cpp(1690,18): warning C4305: 'argument': truncation from 'double' to 'GLfloat'
C:\Users\jenel\OneDrive\Desktop\Robot\Robot\Robot.cpp(1693,21): warning C4305: 'argument': truncation from 'double' to 'GLfloat'
C:\Users\jenel\OneDrive\Desktop\Robot\Robot\Robot.cpp(1693,16): warning C4305: 'argument': truncation from 'double' to 'GLfloat'
C:\Users\jenel\OneDrive\Desktop\Robot\Robot\Robot.cpp(1695,21): warning C4305: 'argument': truncation from 'double' to 'GLfloat'
C:\Users\jenel\OneDrive\Desktop\Robot\Robot\Robot.cpp(1695,15): warning C4305: 'argument': truncation from 'double' to 'GLfloat'
C:\Users\jenel\OneDrive\Desktop\Robot\Robot\Robot.cpp(1697,16): warning C4305: 'argument': truncation from 'double' to 'GLfloat'
C:\Users\jenel\OneDrive\Desktop\Robot\Robot\Robot.cpp(1704,21): warning C4305: 'argument': truncation from 'double' to 'GLfloat'
C:\Users\jenel\OneDrive\Desktop\Robot\Robot\Robot.cpp(1704,15): warning C4305: 'argument': truncation from 'double' to 'GLfloat'
C:\Users\jenel\OneDrive\Desktop\Robot\Robot\Robot.cpp(1706,23): warning C4305: 'argument': truncation from 'double' to 'GLfloat'
C:\Users\jenel\OneDrive\Desktop\Robot\Robot\Robot.cpp(1706,16): warning C4305: 'argument': truncation from 'double' to 'GLfloat'
C:\Users\jenel\OneDrive\Desktop\Robot\Robot\Robot.cpp(1708,15): warning C4305: 'argument': truncation from 'double' to 'GLfloat'
C:\Users\jenel\OneDrive\Desktop\Robot\Robot\Robot.cpp(1756,18): warning C4305: 'argument': truncation from 'double' to 'GLfloat'
C:\Users\jenel\OneDrive\Desktop\Robot\Robot\Robot.cpp(1769,22): warning C4305: 'argument': truncation from 'double' to 'GLfloat'
C:\Users\jenel\OneDrive\Desktop\Robot\Robot\Robot.cpp(1769,16): warning C4305: 'argument': truncation from 'double' to 'GLfloat'
C:\Users\jenel\OneDrive\Desktop\Robot\Robot\Robot.cpp(1770,26): warning C4305: 'argument': truncation from 'double' to 'float'
C:\Users\jenel\OneDrive\Desktop\Robot\Robot\Robot.cpp(1770,20): warning C4305: 'argument': truncation from 'double' to 'float'
C:\Users\jenel\OneDrive\Desktop\Robot\Robot\Robot.cpp(1770,15): warning C4305: 'argument': truncation from 'double' to 'float'
C:\Users\jenel\OneDrive\Desktop\Robot\Robot\Robot.cpp(1781,22): warning C4305: 'argument': truncation from 'double' to 'GLfloat'
C:\Users\jenel\OneDrive\Desktop\Robot\Robot\Robot.cpp(1781,16): warning C4305: 'argument': truncation from 'double' to 'GLfloat'
C:\Users\jenel\OneDrive\Desktop\Robot\Robot\Robot.cpp(1782,26): warning C4305: 'argument': truncation from 'double' to 'float'
C:\Users\jenel\OneDrive\Desktop\Robot\Robot\Robot.cpp(1782,20): warning C4305: 'argument': truncation from 'double' to 'float'
C:\Users\jenel\OneDrive\Desktop\Robot\Robot\Robot.cpp(1782,15): warning C4305: 'argument': truncation from 'double' to 'float'
C:\Users\jenel\OneDrive\Desktop\Robot\Robot\Robot.cpp(1789,18): warning C4305: 'argument': truncation from 'double' to 'GLfloat'
C:\Users\jenel\OneDrive\Desktop\Robot\Robot\Robot.cpp(1791,15): warning C4305: '+=': truncation from 'double' to 'float'
  Robot.vcxproj -> C:\Users\jenel\OneDrive\Desktop\Robot\Debug\Robot.exe
